To connect to your notebook, run the following command on your laptop/workstation:

ssh -t -L 8420:localhost:8420 yzhao492@coc-ice.pace.gatech.edu ssh -L 8420:localhost:8420 rich133-k40-17

Do not close the terminal where that is running, and open the address below in your browser:

[I 21:21:19.195 NotebookApp] Serving notebooks from local directory: /nv/coc-ice/yzhao492
[I 21:21:19.195 NotebookApp] The Jupyter Notebook is running at:
[I 21:21:19.195 NotebookApp] http://localhost:8420/?token=443d1f852f2ebbd4a19d40dfd569b3ede78b38e16349d347
[I 21:21:19.195 NotebookApp] Use Control-C to stop this server and shut down all kernels (twice to skip confirmation).
[C 21:21:19.196 NotebookApp] 
    
    Copy/paste this URL into your browser when you connect for the first time,
    to login with a token:
        http://localhost:8420/?token=443d1f852f2ebbd4a19d40dfd569b3ede78b38e16349d347
[I 21:22:36.517 NotebookApp] 302 GET /?token=443d1f852f2ebbd4a19d40dfd569b3ede78b38e16349d347 (127.0.0.1) 0.60ms
[W 21:22:47.414 NotebookApp] Notebook cse6230/assignments/streams-and-roofs/streams-and-roofs.ipynb is not trusted
[W 21:22:47.443 NotebookApp] 404 GET /nbextensions/widgets/notebook/js/extension.js?v=20180906212117 (127.0.0.1) 8.94ms referer=http://localhost:8420/notebooks/cse6230/assignments/streams-and-roofs/streams-and-roofs.ipynb
[I 21:22:48.151 NotebookApp] Kernel started: bbb4385c-2d6e-4faf-8a26-8477301913b7
[I 21:22:48.187 NotebookApp] 302 GET /notebooks/cse6230/assignments/streams-and-roofs/threerooflines.jpg (127.0.0.1) 1.23ms
[I 21:22:50.483 NotebookApp] Adapting to protocol v5.1 for kernel bbb4385c-2d6e-4faf-8a26-8477301913b7
[I 21:24:48.137 NotebookApp] Saving file at /cse6230/assignments/streams-and-roofs/streams-and-roofs.ipynb
[I 21:30:48.132 NotebookApp] Saving file at /cse6230/assignments/streams-and-roofs/streams-and-roofs.ipynb
[W 21:31:40.105 NotebookApp] 404 GET /nbextensions/widgets/notebook/js/extension.js?v=20180906212117 (127.0.0.1) 1.94ms referer=http://localhost:8420/notebooks/cse6230/assignments/first-week-flops/first-week-flops.ipynb
[I 21:31:40.826 NotebookApp] Kernel started: 90574db2-cdf9-4551-a28c-3525a7f952d6
[I 21:31:43.153 NotebookApp] Adapting to protocol v5.1 for kernel 90574db2-cdf9-4551-a28c-3525a7f952d6
[I 21:39:55.406 NotebookApp] Starting buffering for 90574db2-cdf9-4551-a28c-3525a7f952d6:f9cc129d3a474eaaba76664ae2bf9847
[I 21:42:48.137 NotebookApp] Saving file at /cse6230/assignments/streams-and-roofs/streams-and-roofs.ipynb
[I 21:44:48.595 NotebookApp] Saving file at /cse6230/assignments/streams-and-roofs/streams-and-roofs.ipynb
[I 21:56:48.103 NotebookApp] Saving file at /cse6230/assignments/streams-and-roofs/streams-and-roofs.ipynb
[I 21:58:48.107 NotebookApp] Saving file at /cse6230/assignments/streams-and-roofs/streams-and-roofs.ipynb
[I 22:04:48.100 NotebookApp] Saving file at /cse6230/assignments/streams-and-roofs/streams-and-roofs.ipynb
[I 22:10:48.101 NotebookApp] Saving file at /cse6230/assignments/streams-and-roofs/streams-and-roofs.ipynb
[I 22:12:48.075 NotebookApp] Saving file at /cse6230/assignments/streams-and-roofs/streams-and-roofs.ipynb
[I 22:14:48.100 NotebookApp] Saving file at /cse6230/assignments/streams-and-roofs/streams-and-roofs.ipynb
[W 22:15:46.180 NotebookApp] 404 GET /nbextensions/widgets/notebook/js/extension.js?v=20180906212117 (127.0.0.1) 1.85ms referer=http://localhost:8420/notebooks/cse6230/assignments/first-week-flops/first-week-flops.ipynb
[I 22:15:47.198 NotebookApp] Adapting to protocol v5.1 for kernel 90574db2-cdf9-4551-a28c-3525a7f952d6
[I 22:16:37.384 NotebookApp] Starting buffering for 90574db2-cdf9-4551-a28c-3525a7f952d6:b8062bb13097474980516b4d60d63c90
[W 22:21:35.189 NotebookApp] 404 GET /nbextensions/widgets/notebook/js/extension.js?v=20180906212117 (127.0.0.1) 1.88ms referer=http://localhost:8420/notebooks/cse6230/assignments/first-week-flops/first-week-flops.ipynb
[I 22:21:35.323 NotebookApp] Adapting to protocol v5.1 for kernel 90574db2-cdf9-4551-a28c-3525a7f952d6
[I 22:54:48.026 NotebookApp] Saving file at /cse6230/assignments/streams-and-roofs/streams-and-roofs.ipynb
[I 23:10:48.001 NotebookApp] Saving file at /cse6230/assignments/streams-and-roofs/streams-and-roofs.ipynb
[I 23:16:47.985 NotebookApp] Saving file at /cse6230/assignments/streams-and-roofs/streams-and-roofs.ipynb
[I 23:18:48.012 NotebookApp] Saving file at /cse6230/assignments/streams-and-roofs/streams-and-roofs.ipynb
[I 23:46:18.668 NotebookApp] Saving file at /cse6230/assignments/streams-and-roofs/streams-and-roofs.ipynb
[I 00:58:47.870 NotebookApp] Saving file at /cse6230/assignments/streams-and-roofs/streams-and-roofs.ipynb
[I 01:36:48.276 NotebookApp] Saving file at /cse6230/assignments/streams-and-roofs/streams-and-roofs.ipynb
[I 01:38:47.774 NotebookApp] Saving file at /cse6230/assignments/streams-and-roofs/streams-and-roofs.ipynb
[I 01:40:47.788 NotebookApp] Saving file at /cse6230/assignments/streams-and-roofs/streams-and-roofs.ipynb
[I 01:42:47.775 NotebookApp] Saving file at /cse6230/assignments/streams-and-roofs/streams-and-roofs.ipynb
[I 01:43:49.879 NotebookApp] Saving file at /cse6230/assignments/streams-and-roofs/streams-and-roofs.ipynb
[I 01:46:47.771 NotebookApp] Saving file at /cse6230/assignments/streams-and-roofs/streams-and-roofs.ipynb
[I 01:48:48.256 NotebookApp] Saving file at /cse6230/assignments/streams-and-roofs/streams-and-roofs.ipynb
[I 01:50:47.762 NotebookApp] Saving file at /cse6230/assignments/streams-and-roofs/streams-and-roofs.ipynb
[I 01:52:47.773 NotebookApp] Saving file at /cse6230/assignments/streams-and-roofs/streams-and-roofs.ipynb
[I 01:54:47.760 NotebookApp] Saving file at /cse6230/assignments/streams-and-roofs/streams-and-roofs.ipynb
[I 01:56:06.055 NotebookApp] Saving file at /cse6230/assignments/streams-and-roofs/streams-and-roofs.ipynb
[I 01:56:47.749 NotebookApp] Saving file at /cse6230/assignments/streams-and-roofs/streams-and-roofs.ipynb
[I 01:58:47.755 NotebookApp] Saving file at /cse6230/assignments/streams-and-roofs/streams-and-roofs.ipynb
[I 02:00:47.847 NotebookApp] Saving file at /cse6230/assignments/streams-and-roofs/streams-and-roofs.ipynb
[I 02:02:47.351 NotebookApp] Saving file at /cse6230/assignments/streams-and-roofs/streams-and-roofs.ipynb
[I 02:02:47.532 NotebookApp] Saving file at /cse6230/assignments/streams-and-roofs/streams-and-roofs.ipynb
[I 02:02:47.572 NotebookApp] Starting buffering for bbb4385c-2d6e-4faf-8a26-8477301913b7:0a32e809a895459e883485d735d31b6d
[W 02:02:48.807 NotebookApp] 404 GET /nbextensions/widgets/notebook/js/extension.js?v=20180906212117 (127.0.0.1) 2.17ms referer=http://localhost:8420/notebooks/cse6230/assignments/streams-and-roofs/streams-and-roofs.ipynb
[I 02:02:49.463 NotebookApp] 302 GET /notebooks/cse6230/assignments/streams-and-roofs/threerooflines.jpg (127.0.0.1) 1.17ms
[I 02:02:49.482 NotebookApp] Adapting to protocol v5.1 for kernel bbb4385c-2d6e-4faf-8a26-8477301913b7
[I 02:14:50.380 NotebookApp] Saving file at /cse6230/assignments/streams-and-roofs/streams-and-roofs.ipynb
[I 02:16:50.233 NotebookApp] Saving file at /cse6230/assignments/streams-and-roofs/streams-and-roofs.ipynb
[I 02:18:49.478 NotebookApp] Saving file at /cse6230/assignments/streams-and-roofs/streams-and-roofs.ipynb
[I 02:20:49.572 NotebookApp] Saving file at /cse6230/assignments/streams-and-roofs/streams-and-roofs.ipynb
[I 02:32:49.457 NotebookApp] Saving file at /cse6230/assignments/streams-and-roofs/streams-and-roofs.ipynb
[I 02:34:50.198 NotebookApp] Saving file at /cse6230/assignments/streams-and-roofs/streams-and-roofs.ipynb
[I 02:39:47.422 NotebookApp] Saving file at /cse6230/assignments/streams-and-roofs/streams-and-roofs.ipynb
[I 02:40:49.402 NotebookApp] Saving file at /cse6230/assignments/streams-and-roofs/streams-and-roofs.ipynb
[I 02:42:50.177 NotebookApp] Saving file at /cse6230/assignments/streams-and-roofs/streams-and-roofs.ipynb
[I 02:50:49.459 NotebookApp] Saving file at /cse6230/assignments/streams-and-roofs/streams-and-roofs.ipynb
[I 02:58:49.367 NotebookApp] Saving file at /cse6230/assignments/streams-and-roofs/streams-and-roofs.ipynb
[I 03:00:49.393 NotebookApp] Saving file at /cse6230/assignments/streams-and-roofs/streams-and-roofs.ipynb
[I 03:02:49.373 NotebookApp] Saving file at /cse6230/assignments/streams-and-roofs/streams-and-roofs.ipynb
[I 03:04:49.370 NotebookApp] Saving file at /cse6230/assignments/streams-and-roofs/streams-and-roofs.ipynb
[I 03:06:49.354 NotebookApp] Saving file at /cse6230/assignments/streams-and-roofs/streams-and-roofs.ipynb
[I 03:08:49.355 NotebookApp] Saving file at /cse6230/assignments/streams-and-roofs/streams-and-roofs.ipynb
[I 03:10:49.361 NotebookApp] Saving file at /cse6230/assignments/streams-and-roofs/streams-and-roofs.ipynb
[I 03:12:49.351 NotebookApp] Saving file at /cse6230/assignments/streams-and-roofs/streams-and-roofs.ipynb
[I 03:14:49.365 NotebookApp] Saving file at /cse6230/assignments/streams-and-roofs/streams-and-roofs.ipynb
[I 03:16:49.448 NotebookApp] Saving file at /cse6230/assignments/streams-and-roofs/streams-and-roofs.ipynb
[I 03:18:49.381 NotebookApp] Saving file at /cse6230/assignments/streams-and-roofs/streams-and-roofs.ipynb
[I 03:20:49.347 NotebookApp] Saving file at /cse6230/assignments/streams-and-roofs/streams-and-roofs.ipynb
[I 03:30:49.487 NotebookApp] Saving file at /cse6230/assignments/streams-and-roofs/streams-and-roofs.ipynb
[I 03:32:49.948 NotebookApp] Saving file at /cse6230/assignments/streams-and-roofs/streams-and-roofs.ipynb
[I 03:34:49.567 NotebookApp] Saving file at /cse6230/assignments/streams-and-roofs/streams-and-roofs.ipynb
[I 03:50:34.742 NotebookApp] Starting buffering for bbb4385c-2d6e-4faf-8a26-8477301913b7:01f35b4e409948178a08cc6ca73195a4
[W 03:50:36.268 NotebookApp] 404 GET /nbextensions/widgets/notebook/js/extension.js?v=20180906212117 (127.0.0.1) 1.90ms referer=http://localhost:8420/notebooks/cse6230/assignments/streams-and-roofs/streams-and-roofs.ipynb
[I 03:50:37.008 NotebookApp] 302 GET /notebooks/cse6230/assignments/streams-and-roofs/threerooflines.jpg (127.0.0.1) 1.66ms
[I 03:50:37.099 NotebookApp] Adapting to protocol v5.1 for kernel bbb4385c-2d6e-4faf-8a26-8477301913b7
[I 03:50:45.769 NotebookApp] Saving file at /cse6230/assignments/streams-and-roofs/streams-and-roofs.ipynb
[I 03:50:53.236 NotebookApp] Saving file at /cse6230/assignments/streams-and-roofs/streams-and-roofs.ipynb
[I 03:51:07.190 NotebookApp] Starting buffering for bbb4385c-2d6e-4faf-8a26-8477301913b7:ae7b2e52e27e4e518f5a54b5f6db84df
[I 03:51:07.434 NotebookApp] Kernel shutdown: bbb4385c-2d6e-4faf-8a26-8477301913b7
[I 04:11:02.733 NotebookApp] Starting buffering for 90574db2-cdf9-4551-a28c-3525a7f952d6:4cd239dcf821448d917c33e76fd3b256
[IPKernelApp] WARNING | Parent appears to have exited, shutting down.
