+ pace-check-queue coc-ice

=== coc-ice Queue Summary: ====
	Last Update                            : 08/30/2018 03:00:02
	Number of Nodes (Accepting Jobs/Total) : 42/42 (100.00%)
	Number of Cores (Used/Total)           : 2/720 ( 0.28%)
	Amount of Memory (Used/Total) (MB)     : 92668/5636623 ( 1.64%)
=================================================================================
  Hostname       tasks/np Cpu%  loadav%  used/totmem(MB)   Mem%   Accepting Jobs? 
=================================================================================
rich133-k33-17     2/8    25.0     2.9      3727/260408     1.4    Yes (free)             
rich133-k40-17     0/8     0.0     0.2      2737/131128     2.1    Yes (free)             
rich133-k40-18     0/8     0.0     4.5      3105/131128     2.4    Yes (free)             
rich133-k40-20-l   0/28    0.0     0.3      3237/131126     2.5    Yes (free)             
rich133-k40-20-r   0/28    0.0     0.7      3117/131126     2.4    Yes (free)             
rich133-k40-21-l   0/28    0.0     0.4      2819/131126     2.1    Yes (free)             
rich133-k40-21-r   0/28    0.0     1.1      2881/131126     2.2    Yes (free)             
rich133-k40-22-l   0/28    0.0     2.1      2820/131126     2.2    Yes (free)             
rich133-k40-22-r   0/28    0.0     0.5      3135/131126     2.4    Yes (free)             
rich133-k40-23-l   0/28    0.0     0.4      3077/131126     2.3    Yes (free)             
rich133-k40-23-r   0/28    0.0     1.4      2778/131126     2.1    Yes (free)             
rich133-k40-24-l   0/28    0.0     0.7      2790/131126     2.1    Yes (free)             
rich133-k40-24-r   0/28    0.0     0.1      3065/131126     2.3    Yes (free)             
rich133-k40-25-l   0/28    0.0     0.3      2923/131126     2.2    Yes (free)             
rich133-k40-25-r   0/28    0.0     0.2      2752/131126     2.1    Yes (free)             
rich133-k40-26-l   0/28    0.0     0.2      3140/131126     2.4    Yes (free)             
rich133-k40-26-r   0/28    0.0     0.2      2807/131126     2.1    Yes (free)             
rich133-k40-27-l   0/28    0.0     0.3      2814/131126     2.1    Yes (free)             
rich133-k40-27-r   0/28    0.0     1.4      3046/131126     2.3    Yes (free)             
rich133-k40-29     0/8     0.0     1.1      2681/131128     2.0    Yes (free)             
rich133-k40-30     0/8     0.0     0.0      2762/131128     2.1    Yes (free)             
rich133-s30-10     0/12    0.0     0.2      1439/131128     1.1    Yes (free)             
rich133-s30-11     0/12    0.0     1.3      1472/131128     1.1    Yes (free)             
rich133-s30-12     0/12    0.0     1.8      1365/131128     1.0    Yes (free)             
rich133-s30-13     0/12    0.0     0.2      1453/131128     1.1    Yes (free)             
rich133-s30-14     0/12    0.0     1.2      1503/131128     1.1    Yes (free)             
rich133-s30-15     0/12    0.0     0.3      1463/131128     1.1    Yes (free)             
rich133-s30-16     0/12    0.0     1.2      1469/131128     1.1    Yes (free)             
rich133-s30-17     0/12    0.0     0.0      1457/131128     1.1    Yes (free)             
rich133-s30-18     0/12    0.0     0.8      1464/131128     1.1    Yes (free)             
rich133-s30-19     0/12    0.0     2.3      1418/131128     1.1    Yes (free)             
rich133-s30-20     0/24    0.0     0.0      1316/131127     1.0    Yes (free)             
rich133-s30-21     0/12    0.0     0.8      1674/131128     1.3    Yes (free)             
rich133-s30-22     0/12    0.0     0.2      1391/131128     1.1    Yes (free)             
rich133-s42-21     0/8     0.0     0.2      1479/131128     1.1    Yes (free)             
rich133-s42-22     0/8     0.0     2.0      1364/131128     1.0    Yes (free)             
rich133-s42-23     0/8     0.0     2.0      1380/131128     1.1    Yes (free)             
rich133-s42-24     0/8     0.0     0.0      1635/131128     1.2    Yes (free)             
rich133-s42-25     0/8     0.0     0.1      1350/131128     1.0    Yes (free)             
rich133-s42-26     0/8     0.0     1.2      1365/131128     1.0    Yes (free)             
rich133-s42-27     0/8     0.0     0.4      1629/131128     1.2    Yes (free)             
rich133-s42-28     0/8     0.0     3.5      1369/131128     1.0    Yes (free)             
+ qsub -I -X -q coc-ice -l nodes=1:ppn=4:gpus=1,walltime=00:30:00 -d /nv/coc-ice/yzhao492/cse6230 -x /nv/coc-ice/yzhao492/cse6230/assignments/first-week-flops/first-week-flops-compute.sh
[qsub: DISPLAY not set]

usage: qsub [-a date_time] [-A account_string] [-b secs]
    [-c [ none | { enabled | periodic | shutdown |
    depth=<int> | dir=<path> | interval=<minutes>}... ]
    [-C directive_prefix] [-d path] [-D path]
    [-e path] [-h] [-I] [-j oe|eo|n] [-k {oe}] [-l resource_list] [-m n|{abe}]
    [-M user_list] [-N jobname] [-o path] [-p priority] [-P proxy_user [-J <jobid]]
    [-q queue] [-r y|n] [-S path] [-t number_to_submit] [-T type]  [-u user_list]
    [-w] path
      [-W additional_attributes] [-v variable_list] [-V ] [-x] [-X] [-z] [script]

